Log: Log file open, 05/26/14 20:42:21
Init: WinSock: version 1.1 (2.2), MaxSocks=32767, MaxUdp=65467
DevConfig: GConfig::Find has loaded file:  ..\..\Engine\Config\ConsoleVariables.ini
Init: Version: 12097
Init: Epic Internal: 0
Init: Compiled (32-bit): Feb 17 2014 13:31:14
Init: Changelist: 1999891
Init: Command line: make
Init: Base directory: G:\Revamped\UDK\Binaries\Win32\
[0000.24] Init: Computer: ILYA-PC
[0000.24] Init: User: Ilya
[0000.24] Init: CPU Page size=4096, Processors=8
[0000.24] Init: High frequency timer resolution =3.428076 MHz
[0000.24] Init: Memory total: Physical=7.9GB (8GB approx) Pagefile=15.9GB Virtual=4.0GB
[0000.24] Log: Steam Client API Disabled!
[0000.27] Init: WinSock: I am Ilya-PC (192.168.1.10:0)
[0000.27] Init: Presizing for 0 objects not considered by GC, pre-allocating 0 bytes.
[0000.27] Init: Object subsystem initialized
[0000.27] Log: Last hardware survey: Ver=-1, Date=0. Uploading again.
[0001.56] Log: Found D3D11 adapter 0: NVIDIA GeForce GT 630
[0001.56] Log: Adapter has 3072MB of dedicated video memory, 0MB of dedicated system memory, and 1023MB of shared system memory
[0001.59] Log: Shader platform (RHI): PC-D3D-SM3
[0001.61] Log: PhysX GPU Support: DISABLED
[0001.61] Init: Initializing FaceFX...
[0001.61] Init: FaceFX 1.7.4 initialized.
[0001.61] Init: Version: 12097
[0001.61] Init: Epic Internal: 0
[0001.61] Init: Compiled (32-bit): Feb 17 2014 13:29:45
[0001.61] Init: Command line: 
[0001.61] Init: Base directory: G:\Revamped\UDK\Binaries\Win32\
[0001.61] Init: Character set: Unicode
[0001.61] Log: Executing Class UnrealEd.MakeCommandlet
[0001.61] Init: UEngine initialized
[0001.68] Log: No scripts need recompiling.
[0001.68] Log: 
[0001.68] Log: Success - 0 error(s), 0 warning(s)
[0001.68] Log: 
Execution of commandlet took:  0.07 seconds
[0001.68] Exit: Preparing to exit.
[0001.68] Exit: Object subsystem successfully closed.
[0001.68] Log: Shutting down FaceFX...
[0001.68] Log: FaceFX shutdown.
[0003.59] Log: Successfully upload UDK hardware survey to http://et.epicgames.com/PostUDKSurveyHandler.ashx in 3.24 seconds.
[0003.59] Exit: Exiting.
[0003.59] Log: Log file closed, 05/26/14 20:42:25
