Log: Log file open, 05/26/14 20:38:21
Init: WinSock: version 1.1 (2.2), MaxSocks=32767, MaxUdp=65467
DevConfig: GConfig::Find has loaded file:  ..\..\Engine\Config\ConsoleVariables.ini
Init: Version: 12097
Init: Epic Internal: 0
Init: Compiled (32-bit): Feb 17 2014 13:31:14
Init: Changelist: 1999891
Init: Command line: make
Init: Base directory: G:\Revamped\UDK\Binaries\Win32\
[0000.22] Init: Computer: ILYA-PC
[0000.23] Init: User: Ilya
[0000.23] Init: CPU Page size=4096, Processors=8
[0000.23] Init: High frequency timer resolution =3.428076 MHz
[0000.23] Init: Memory total: Physical=7.9GB (8GB approx) Pagefile=15.9GB Virtual=4.0GB
[0000.23] Log: Steam Client API Disabled!
[0000.25] Init: WinSock: I am Ilya-PC (192.168.1.10:0)
[0000.25] Init: Presizing for 0 objects not considered by GC, pre-allocating 0 bytes.
[0000.25] Init: Object subsystem initialized
[0000.25] Log: Last hardware survey: Ver=-1, Date=0. Uploading again.
[0001.58] Log: Found D3D11 adapter 0: NVIDIA GeForce GT 630
[0001.58] Log: Adapter has 3072MB of dedicated video memory, 0MB of dedicated system memory, and 1023MB of shared system memory
[0001.61] Log: Shader platform (RHI): PC-D3D-SM3
[0001.63] Log: PhysX GPU Support: DISABLED
[0001.63] Init: Initializing FaceFX...
[0001.63] Init: FaceFX 1.7.4 initialized.
[0001.63] Init: Version: 12097
[0001.63] Init: Epic Internal: 0
[0001.63] Init: Compiled (32-bit): Feb 17 2014 13:29:45
[0001.63] Init: Command line: 
[0001.63] Init: Base directory: G:\Revamped\UDK\Binaries\Win32\
[0001.63] Init: Character set: Unicode
[0001.63] Log: Executing Class UnrealEd.MakeCommandlet
[0001.63] Init: UEngine initialized
[0001.70] Heading: --------------------Core - Release--------------------
[0001.70] Log: New File, Existing Package (Package Untitled_0, Package Core)
[0001.71] Log: Loading global macros for Core
[0001.73] Heading: --------------------Engine - Release--------------------
[0001.77] Log: New File, Existing Package (Package Untitled_1, Package Engine)
[0002.10] Log: Loading global macros for Engine
[0002.51] Heading: --------------------IpDrv - Release--------------------
[0002.52] Log: New File, Existing Package (Package Untitled_2, Package IpDrv)
[0002.58] Log: Loading global macros for IpDrv
[0002.66] Heading: --------------------GFxUI - Release--------------------
[0002.66] Log: New File, Existing Package (Package Untitled_3, Package GFxUI)
[0002.67] Log: Loading global macros for GFxUI
[0002.68] Heading: --------------------GameFramework - Release--------------------
[0002.68] Log: New File, Existing Package (Package Untitled_4, Package GameFramework)
[0002.72] Log: Loading global macros for GameFramework
[0002.77] Heading: --------------------UnrealEd - Release--------------------
[0002.78] Log: New File, Existing Package (Package Untitled_5, Package UnrealEd)
[0002.80] Log: Loading global macros for UnrealEd
[0002.84] Heading: --------------------GFxUIEditor - Release--------------------
[0002.84] Log: New File, Existing Package (Package Untitled_6, Package GFxUIEditor)
[0002.84] Log: Loading global macros for GFxUIEditor
[0002.84] Heading: --------------------WinDrv - Release--------------------
[0002.84] Log: New File, Existing Package (Package Untitled_7, Package WinDrv)
[0002.84] Log: Loading global macros for WinDrv
[0002.85] Heading: --------------------OnlineSubsystemPC - Release--------------------
[0002.85] Log: New File, Existing Package (Package Untitled_8, Package onlinesubsystempc)
[0002.85] Log: Loading global macros for OnlineSubsystemPC
[0002.86] Heading: --------------------OnlineSubsystemSteamworks - Release--------------------
[0002.86] Log: New File, Existing Package (Package Untitled_9, Package OnlineSubsystemSteamworks)
[0002.87] Log: Loading global macros for OnlineSubsystemSteamworks
[0002.89] Heading: --------------------OnlineSubsystemGameCenter - Release--------------------
[0002.89] Log: New File, Existing Package (Package Untitled_10, Package onlinesubsystemgamecenter)
[0002.90] Log: Loading global macros for OnlineSubsystemGameCenter
[0002.91] Heading: --------------------SubstanceAir - Release--------------------
[0002.91] Log: New File, Existing Package (Package Untitled_11, Package SubstanceAir)
[0002.91] Log: Loading global macros for SubstanceAir
[0002.92] Heading: --------------------SubstanceAirEd - Release--------------------
[0002.92] Log: New File, Existing Package (Package Untitled_12, Package SubstanceAirEd)
[0002.92] Log: Loading global macros for SubstanceAirEd
[0002.92] Heading: --------------------RevampedGame - Release--------------------
[0002.92] Warning: Warning, Can't find files matching G:\Revamped\UDK\Binaries\Win32\..\..\Development\Src\RevampedGame\Classes\*.uc
[0002.92] Heading: --------------------UDKBase - Release--------------------
[0002.93] Log: Analyzing...
[0002.93] Log: Loading global macros for UDKBase
[0003.05] Log: Success: Compiled 10417 line(s), 1605 statement(s).

[0003.05] Log: Scripts successfully compiled - saving package 'G:\Revamped\UDK\Binaries\Win32\..\..\UDKGame\Script\UDKBase.u'
[0003.12] Log: Save=70.765642
[0003.12] Log: Moving '..\..\UDKGame\Script\UDKBase_save.tmp' to '..\..\UDKGame\Script\UDKBase.u'
[0003.12] Heading: --------------------Revamped - Release--------------------
[0003.12] Log: Analyzing...
[0003.12] Log: Loading global macros for Revamped
[0003.13] Log: Success: Compiled 27 line(s), 5 statement(s).

[0003.13] Log: Scripts successfully compiled - saving package 'G:\Revamped\UDK\Binaries\Win32\..\..\UDKGame\Script\Revamped.u'
[0003.16] Log: Save=30.496698
[0003.16] Log: Moving '..\..\UDKGame\Script\Revamped_save.tmp' to '..\..\UDKGame\Script\Revamped.u'
[0003.21] Log: 
[0003.21] Log: Warning/Error Summary
[0003.21] Log: ---------------------
[0003.21] Log: Warning, Can't find files matching G:\Revamped\UDK\Binaries\Win32\..\..\Development\Src\RevampedGame\Classes\*.uc
[0003.21] Log: 
[0003.21] Log: Success - 0 error(s), 1 warning(s)
[0003.21] Log: 
Execution of commandlet took:  1.59 seconds
[0003.22] Exit: Preparing to exit.
[0003.28] Exit: Object subsystem successfully closed.
[0003.28] Log: Shutting down FaceFX...
[0003.28] Log: FaceFX shutdown.
[0003.59] Log: Successfully upload UDK hardware survey to http://et.epicgames.com/PostUDKSurveyHandler.ashx in 3.27 seconds.
[0003.59] Exit: Exiting.
[0003.59] Log: Log file closed, 05/26/14 20:38:24
