Log: Log file open, 05/26/14 14:06:05
Log: appRequestExit(0)
Init: WinSock: version 1.1 (2.2), MaxSocks=32767, MaxUdp=65467
DevConfig: GConfig::Find has loaded file:  ..\..\Engine\Config\ConsoleVariables.ini
Init: Version: 12097
Init: Epic Internal: 0
Init: Compiled (32-bit): Feb 17 2014 13:31:14
Init: Changelist: 1999891
Init: Command line: -firstinstall -LanguageForCooking=INT -installfw -namefw=UDK
Init: Base directory: G:\Revamped\UDK\Binaries\Win32\
[0000.54] Init: Computer: ILYA-PC
[0000.54] Init: User: Ilya
[0000.54] Init: CPU Page size=4096, Processors=8
[0000.54] Init: High frequency timer resolution =3.428076 MHz
[0000.54] Init: Memory total: Physical=7.9GB (8GB approx) Pagefile=15.9GB Virtual=4.0GB
[0000.54] Log: Steam Client API initialized 0
[0000.54] Log: Steam Game Server API initialized 0
[0000.57] Init: WinSock: I am Ilya-PC (192.168.1.10:0)
[0000.57] Init: Presizing for 0 objects not considered by GC, pre-allocating 0 bytes.
[0000.57] Init: Object subsystem initialized
[0000.57] Log: Last hardware survey: Ver=-1, Date=0. Uploading again.
