Log: Log file open, 05/26/14 14:06:10
Init: WinSock: version 1.1 (2.2), MaxSocks=32767, MaxUdp=65467
DevConfig: GConfig::Find has loaded file:  ..\..\Engine\Config\ConsoleVariables.ini
Init: Version: 12097
Init: Epic Internal: 0
Init: Compiled (32-bit): Feb 17 2014 13:31:14
Init: Changelist: 1999891
Init: Command line: make -full -nopauseonsuccess -silent
Init: Base directory: G:\Revamped\UDK\Binaries\Win32\
[0000.20] Init: Computer: ILYA-PC
[0000.20] Init: User: Ilya
[0000.20] Init: CPU Page size=4096, Processors=8
[0000.20] Init: High frequency timer resolution =3.428076 MHz
[0000.20] Init: Memory total: Physical=7.9GB (8GB approx) Pagefile=15.9GB Virtual=4.0GB
[0000.20] Log: Steam Client API Disabled!
[0000.23] Init: WinSock: I am Ilya-PC (192.168.1.10:0)
[0000.23] Log: Failed to initialize stat notify provider BinaryFileStatNotifyProvider
[0000.23] Init: Presizing for 0 objects not considered by GC, pre-allocating 0 bytes.
[0000.23] Init: Object subsystem initialized
[0000.96] Log: Found D3D11 adapter 0: NVIDIA GeForce GT 630
[0000.96] Log: Adapter has 3072MB of dedicated video memory, 0MB of dedicated system memory, and 1023MB of shared system memory
[0001.11] Log: Shader platform (RHI): PC-D3D-SM3
[0001.15] Log: PhysX GPU Support: DISABLED
[0001.15] Init: Initializing FaceFX...
[0001.18] Init: FaceFX 1.7.4 initialized.
[0001.18] Init: Version: 12097
[0001.18] Init: Epic Internal: 0
[0001.18] Init: Compiled (32-bit): Feb 17 2014 13:29:45
[0001.18] Init: Command line:  -full -nopauseonsuccess -silent
[0001.18] Init: Base directory: G:\Revamped\UDK\Binaries\Win32\
[0001.18] Init: Character set: Unicode
[0001.18] Log: Executing Class UnrealEd.MakeCommandlet
[0001.18] Init: UEngine initialized
[0001.19] Heading: --------------------Core - Release--------------------
[0001.19] Log: Analyzing...
[0001.19] Log: Loading global macros for Core
[0001.23] Log: Success: Compiled 3049 line(s), 498 statement(s).

[0001.23] Log: Scripts successfully compiled - saving package 'G:\Revamped\UDK\Binaries\Win32\..\..\UDKGame\Script\Core.u'
[0001.24] Log: Save=16.230095
[0001.24] Log: Moving '..\..\UDKGame\Script\Core_save.tmp' to '..\..\UDKGame\Script\Core.u'
[0001.24] Heading: --------------------Engine - Release--------------------
[0001.26] Log: Analyzing...
[0001.26] Log: Loading global macros for Engine
[0001.37] Log: Undefining macro 'INCLUDE_GAME_STATS' at line 11
[0003.09] Log: Success: Compiled 174227 line(s), 19471 statement(s).

[0003.09] Log: Scripts successfully compiled - saving package 'G:\Revamped\UDK\Binaries\Win32\..\..\UDKGame\Script\Engine.u'
[0003.56] Log: Save=471.777464
[0003.56] Log: Moving '..\..\UDKGame\Script\Engine_save.tmp' to '..\..\UDKGame\Script\Engine.u'
[0003.56] Heading: --------------------IpDrv - Release--------------------
[0003.56] Log: Analyzing...
[0003.56] Log: Loading global macros for IpDrv
[0004.06] Log: Success: Compiled 43137 line(s), 3989 statement(s).

[0004.06] Log: Scripts successfully compiled - saving package 'G:\Revamped\UDK\Binaries\Win32\..\..\UDKGame\Script\IpDrv.u'
[0004.14] Log: Save=84.575138
[0004.14] Log: Moving '..\..\UDKGame\Script\IpDrv_save.tmp' to '..\..\UDKGame\Script\IpDrv.u'
[0004.14] Heading: --------------------GFxUI - Release--------------------
[0004.14] Log: Analyzing...
[0004.14] Log: Loading global macros for GFxUI
[0004.16] Log: Success: Compiled 1750 line(s), 326 statement(s).

[0004.16] Log: Scripts successfully compiled - saving package 'G:\Revamped\UDK\Binaries\Win32\..\..\UDKGame\Script\GFxUI.u'
[0004.18] Log: Save=17.450605
[0004.18] Log: Moving '..\..\UDKGame\Script\GFxUI_save.tmp' to '..\..\UDKGame\Script\GFxUI.u'
[0004.18] Heading: --------------------GameFramework - Release--------------------
[0004.18] Log: Analyzing...
[0004.18] Log: Loading global macros for GameFramework
[0004.52] Log: Success: Compiled 23990 line(s), 2540 statement(s).

[0004.52] Log: Scripts successfully compiled - saving package 'G:\Revamped\UDK\Binaries\Win32\..\..\UDKGame\Script\GameFramework.u'
[0004.61] Log: Save=83.543364
[0004.61] Log: Moving '..\..\UDKGame\Script\GameFramework_save.tmp' to '..\..\UDKGame\Script\GameFramework.u'
[0004.61] Heading: --------------------UnrealEd - Release--------------------
[0004.61] Log: Analyzing...
[0004.61] Log: Loading global macros for UnrealEd
[0004.96] Log: Success: Compiled 10589 line(s), 1113 statement(s).

[0004.96] Log: Scripts successfully compiled - saving package 'G:\Revamped\UDK\Binaries\Win32\..\..\UDKGame\Script\UnrealEd.u'
[0005.00] Log: Save=40.205060
[0005.00] Log: Moving '..\..\UDKGame\Script\UnrealEd_save.tmp' to '..\..\UDKGame\Script\UnrealEd.u'
[0005.00] Heading: --------------------GFxUIEditor - Release--------------------
[0005.00] Log: Analyzing...
[0005.00] Log: Loading global macros for GFxUIEditor
[0005.01] Log: Success: Compiled 237 line(s), 12 statement(s).

[0005.01] Log: Scripts successfully compiled - saving package 'G:\Revamped\UDK\Binaries\Win32\..\..\UDKGame\Script\GFxUIEditor.u'
[0005.02] Log: Save=12.194012
[0005.02] Log: Moving '..\..\UDKGame\Script\GFxUIEditor_save.tmp' to '..\..\UDKGame\Script\GFxUIEditor.u'
[0005.02] Heading: --------------------WinDrv - Release--------------------
[0005.02] Log: Analyzing...
[0005.02] Log: Loading global macros for WinDrv
[0005.03] Log: Success: Compiled 409 line(s), 67 statement(s).

[0005.03] Log: Scripts successfully compiled - saving package 'G:\Revamped\UDK\Binaries\Win32\..\..\UDKGame\Script\WinDrv.u'
[0005.04] Log: Save=14.686664
[0005.04] Log: Moving '..\..\UDKGame\Script\WinDrv_save.tmp' to '..\..\UDKGame\Script\WinDrv.u'
[0005.04] Heading: --------------------OnlineSubsystemPC - Release--------------------
[0005.04] Log: Analyzing...
[0005.04] Log: Loading global macros for OnlineSubsystemPC
[0005.06] Log: Success: Compiled 2018 line(s), 231 statement(s).

[0005.06] Log: Scripts successfully compiled - saving package 'G:\Revamped\UDK\Binaries\Win32\..\..\UDKGame\Script\OnlineSubsystemPC.u'
[0005.08] Log: Save=17.698266
[0005.08] Log: Moving '..\..\UDKGame\Script\OnlineSubsystemPC_save.tmp' to '..\..\UDKGame\Script\OnlineSubsystemPC.u'
[0005.08] Heading: --------------------OnlineSubsystemSteamworks - Release--------------------
[0005.08] Log: Analyzing...
[0005.08] Log: Loading global macros for OnlineSubsystemSteamworks
[0005.13] Log: Success: Compiled 5497 line(s), 535 statement(s).

[0005.13] Log: Scripts successfully compiled - saving package 'G:\Revamped\UDK\Binaries\Win32\..\..\UDKGame\Script\OnlineSubsystemSteamworks.u'
[0005.16] Log: Save=26.342181
[0005.16] Log: Moving '..\..\UDKGame\Script\OnlineSubsystemSteamworks_save.tmp' to '..\..\UDKGame\Script\OnlineSubsystemSteamworks.u'
[0005.16] Heading: --------------------OnlineSubsystemGameCenter - Release--------------------
[0005.16] Log: Analyzing...
[0005.16] Log: Loading global macros for OnlineSubsystemGameCenter
[0005.19] Log: Success: Compiled 3438 line(s), 409 statement(s).

[0005.19] Log: Scripts successfully compiled - saving package 'G:\Revamped\UDK\Binaries\Win32\..\..\UDKGame\Script\OnlineSubsystemGameCenter.u'
[0005.22] Log: Save=22.480540
[0005.22] Log: Moving '..\..\UDKGame\Script\OnlineSubsystemGameCenter_save.tmp' to '..\..\UDKGame\Script\OnlineSubsystemGameCenter.u'
[0005.22] Heading: --------------------SubstanceAir - Release--------------------
[0005.22] Log: Analyzing...
[0005.22] Log: Loading global macros for SubstanceAir
[0005.22] Log: Success: Compiled 308 line(s), 51 statement(s).

[0005.22] Log: Scripts successfully compiled - saving package 'G:\Revamped\UDK\Binaries\Win32\..\..\UDKGame\Script\SubstanceAir.u'
[0005.24] Log: Save=16.053611
[0005.24] Log: Moving '..\..\UDKGame\Script\SubstanceAir_save.tmp' to '..\..\UDKGame\Script\SubstanceAir.u'
[0005.24] Heading: --------------------SubstanceAirEd - Release--------------------
[0005.24] Log: Analyzing...
[0005.24] Log: Loading global macros for SubstanceAirEd
[0005.24] Log: Success: Compiled 112 line(s), 5 statement(s).

[0005.24] Log: Scripts successfully compiled - saving package 'G:\Revamped\UDK\Binaries\Win32\..\..\UDKGame\Script\SubstanceAirEd.u'
[0005.25] Log: Save=12.214432
[0005.25] Log: Moving '..\..\UDKGame\Script\SubstanceAirEd_save.tmp' to '..\..\UDKGame\Script\SubstanceAirEd.u'
[0005.25] Heading: --------------------RevampedGame - Release--------------------
[0005.25] Log: Analyzing...
[0005.25] Log: Loading global macros for RevampedGame
[0005.26] Log: Success: Compiled 27 line(s), 5 statement(s).

[0005.26] Log: Scripts successfully compiled - saving package 'G:\Revamped\UDK\Binaries\Win32\..\..\UDKGame\Script\RevampedGame.u'
[0005.28] Log: Save=28.647556
[0005.28] Log: Moving '..\..\UDKGame\Script\RevampedGame_save.tmp' to '..\..\UDKGame\Script\RevampedGame.u'
[0005.29] Heading: --------------------UDKBase - Release--------------------
[0005.29] Log: Analyzing...
[0005.29] Log: Loading global macros for UDKBase
[0005.41] Log: Success: Compiled 10417 line(s), 1605 statement(s).

[0005.41] Log: Scripts successfully compiled - saving package 'G:\Revamped\UDK\Binaries\Win32\..\..\UDKGame\Script\UDKBase.u'
[0005.48] Log: Save=68.054501
[0005.48] Log: Moving '..\..\UDKGame\Script\UDKBase_save.tmp' to '..\..\UDKGame\Script\UDKBase.u'
[0005.53] Log: 
[0005.53] Log: Success - 0 error(s), 0 warning(s)
[0005.53] Log: 
Execution of commandlet took:  4.35 seconds
[0005.53] Exit: Preparing to exit.
[0005.57] Exit: Object subsystem successfully closed.
[0005.57] Log: Shutting down FaceFX...
[0005.57] Log: FaceFX shutdown.
[0005.57] Exit: Exiting.
[0005.57] Log: Log file closed, 05/26/14 14:06:16
