Log: Log file open, 05/28/14 21:01:45
Init: WinSock: version 1.1 (2.2), MaxSocks=32767, MaxUdp=65467
DevConfig: GConfig::LoadFile associated file:  ..\..\UDKGame\Config\Mobile-UDKUI.ini
DevConfig: GConfig::Find has loaded file:  ..\..\Engine\Config\ConsoleVariables.ini
Init: Version: 12097
Init: Epic Internal: 0
Init: Compiled (32-bit): Feb 17 2014 13:31:14
Init: Changelist: 1999891
Init: Command line: MenuMap -simmobile ResX=640 ResY=400 
Init: Base directory: C:\UDK\Revamped\UDK\Binaries\Win32\
[0000.74] Init: Computer: ILYA-LAPTOP
[0000.74] Init: User: Ilya
[0000.74] Init: CPU Page size=4096, Processors=2
[0000.74] Init: High frequency timer resolution =1.948222 MHz
[0000.74] Init: Memory total: Physical=2.7GB (2GB approx) Pagefile=5.5GB Virtual=2.0GB
[0000.74] Log: Steam Client API Disabled!
[0000.79] Init: WinSock: I am Ilya-Laptop (192.168.1.11:0)
[0000.79] Init: Presizing for 0 objects not considered by GC, pre-allocating 0 bytes.
[0000.79] Init: Object subsystem initialized
[0000.92] Log: SystemSettings based on: SystemSettings
[0000.93] Log: Shader platform (RHI): PC-D3D-SM3
[0002.90] Log: PhysX GPU Support: DISABLED
[0002.91] Init: Initializing FaceFX...
[0002.91] Init: FaceFX 1.7.4 initialized.
[0006.76] Init: Finished loading startup packages in 3.35 seconds
[0006.79] Log: 51397 objects as part of root set at end of initial load.
[0006.79] Log: 0 out of 0 bytes used by permanent object pool.
[0006.79] Log: Initializing Engine...
[0006.92] Init: UEngine initialized
[0006.94] Init: XAudio2 using 'Speakers (Realtek High Definition Audio)' : 2 channels at 48 kHz using 32 bits per sample (channel mask 0x3)
[0007.11] Init: XAudio2Device initialized.
[0007.45] Init: Client initialized
[0007.47] Log: FES2Viewport::FES2Viewport InWindowHandle is e0a30
[0007.85] Log: Vendor: ATI Technologies Inc.
[0007.85] Log: Renderer: AMD M860G with ATI Mobility Radeon 4100 
[0007.85] Log: Supports Shader Discard: TRUE
[0007.85] Log: Supports Shader Bump Offset: TRUE
[0007.85] Log: ES2 Texture Support [ DXT - - - ]
[0007.85] Log: Driver Compiler? ... no, Num Binary Formats = 0
[0007.85] Log: GL Extensions:
[0007.85] Log:     GL_AMD_draw_buffers_blend
[0007.85] Log:     GL_AMD_performance_monitor
[0007.85] Log:     GL_ARB_color_buffer_float
[0007.85] Log:     GL_ARB_copy_buffer
[0007.85] Log:     GL_ARB_depth_buffer_float
[0007.85] Log:     GL_ARB_depth_texture
[0007.85] Log:     GL_ARB_draw_buffers
[0007.85] Log:     GL_ARB_draw_instanced
[0007.85] Log:     GL_ARB_fragment_program
[0007.85] Log:     GL_ARB_fragment_program_shadow
[0007.85] Log:     GL_ARB_fragment_shader
[0007.85] Log:     GL_ARB_framebuffer_object
[0007.85] Log:     GL_ARB_framebuffer_sRGB
[0007.85] Log:     GL_ARB_half_float_pixel
[0007.85] Log:     GL_ARB_half_float_vertex
[0007.85] Log:     GL_ARB_instanced_arrays
[0007.85] Log:     GL_ARB_map_buffer_range
[0007.85] Log:     GL_ARB_multisample
[0007.85] Log:     GL_ARB_multitexture
[0007.85] Log:     GL_ARB_occlusion_query
[0007.85] Log:     GL_ARB_pixel_buffer_object
[0007.85] Log:     GL_ARB_point_parameters
[0007.85] Log:     GL_ARB_point_sprite
[0007.85] Log:     GL_ARB_shader_objects
[0007.85] Log:     GL_ARB_shader_texture_lod
[0007.85] Log:     GL_ARB_shading_language_100
[0007.85] Log:     GL_ARB_shadow
[0007.85] Log:     GL_ARB_shadow_ambient
[0007.85] Log:     GL_ARB_texture_border_clamp
[0007.85] Log:     GL_ARB_texture_buffer_object
[0007.85] Log:     GL_ARB_texture_compression
[0007.85] Log:     GL_ARB_texture_compression_rgtc
[0007.85] Log:     GL_ARB_texture_cube_map
[0007.85] Log:     GL_ARB_texture_env_add
[0007.85] Log:     GL_ARB_texture_env_combine
[0007.85] Log:     GL_ARB_texture_env_crossbar
[0007.85] Log:     GL_ARB_texture_env_dot3
[0007.85] Log:     GL_ARB_texture_float
[0007.85] Log:     GL_ARB_texture_mirrored_repeat
[0007.85] Log:     GL_ARB_texture_non_power_of_two
[0007.85] Log:     GL_ARB_texture_rectangle
[0007.85] Log:     GL_ARB_texture_rg
[0007.85] Log:     GL_ARB_texture_snorm
[0007.85] Log:     GL_ARB_transpose_matrix
[0007.85] Log:     GL_ARB_vertex_array_object
[0007.85] Log:     GL_ARB_vertex_buffer_object
[0007.85] Log:     GL_ARB_vertex_program
[0007.85] Log:     GL_ARB_vertex_shader
[0007.85] Log:     GL_ARB_window_pos
[0007.85] Log:     GL_ATI_draw_buffers
[0007.85] Log:     GL_ATI_envmap_bumpmap
[0007.85] Log:     GL_ATI_fragment_shader
[0007.85] Log:     GL_ATI_meminfo
[0007.85] Log:     GL_ATI_separate_stencil
[0007.85] Log:     GL_ATI_texture_compression_3dc
[0007.85] Log:     GL_ATI_texture_env_combine3
[0007.85] Log:     GL_ATI_texture_float
[0007.85] Log:     GL_ATI_texture_mirror_once
[0007.85] Log:     GL_EXT_abgr
[0007.85] Log:     GL_EXT_bgra
[0007.85] Log:     GL_EXT_bindable_uniform
[0007.85] Log:     GL_EXT_blend_color
[0007.85] Log:     GL_EXT_blend_equation_separate
[0007.85] Log:     GL_EXT_blend_func_separate
[0007.85] Log:     GL_EXT_blend_minmax
[0007.85] Log:     GL_EXT_blend_subtract
[0007.85] Log:     GL_EXT_compiled_vertex_array
[0007.85] Log:     GL_EXT_copy_buffer
[0007.85] Log:     GL_EXT_copy_texture
[0007.85] Log:     GL_EXT_draw_buffers2
[0007.85] Log:     GL_EXT_draw_instanced
[0007.85] Log:     GL_EXT_draw_range_elements
[0007.85] Log:     GL_EXT_fog_coord
[0007.85] Log:     GL_EXT_framebuffer_blit
[0007.85] Log:     GL_EXT_framebuffer_multisample
[0007.85] Log:     GL_EXT_framebuffer_object
[0007.85] Log:     GL_EXT_framebuffer_sRGB
[0007.85] Log:     GL_EXT_gpu_program_parameters
[0007.85] Log:     GL_EXT_gpu_shader4
[0007.85] Log:     GL_EXT_multi_draw_arrays
[0007.85] Log:     GL_EXT_packed_depth_stencil
[0007.85] Log:     GL_EXT_packed_float
[0007.85] Log:     GL_EXT_packed_pixels
[0007.85] Log:     GL_EXT_pixel_buffer_object
[0007.85] Log:     GL_EXT_point_parameters
[0007.85] Log:     GL_EXT_provoking_vertex
[0007.85] Log:     GL_EXT_rescale_normal
[0007.85] Log:     GL_EXT_secondary_color
[0007.85] Log:     GL_EXT_separate_specular_color
[0007.85] Log:     GL_EXT_shadow_funcs
[0007.85] Log:     GL_EXT_stencil_wrap
[0007.85] Log:     GL_EXT_subtexture
[0007.85] Log:     GL_EXT_texgen_reflection
[0007.85] Log:     GL_EXT_texture3D
[0007.85] Log:     GL_EXT_texture_array
[0007.85] Log:     GL_EXT_texture_buffer_object
[0007.85] Log:     GL_EXT_texture_compression_latc
[0007.85] Log:     GL_EXT_texture_compression_rgtc
[0007.85] Log:     GL_EXT_texture_compression_s3tc
[0007.85] Log:     GL_EXT_texture_cube_map
[0007.85] Log:     GL_EXT_texture_edge_clamp
[0007.85] Log:     GL_EXT_texture_env_add
[0007.85] Log:     GL_EXT_texture_env_combine
[0007.85] Log:     GL_EXT_texture_env_dot3
[0007.85] Log:     GL_EXT_texture_filter_anisotropic
[0007.85] Log:     GL_EXT_texture_integer
[0007.85] Log:     GL_EXT_texture_lod
[0007.85] Log:     GL_EXT_texture_lod_bias
[0007.85] Log:     GL_EXT_texture_mirror_clamp
[0007.85] Log:     GL_EXT_texture_object
[0007.85] Log:     GL_EXT_texture_rectangle
[0007.85] Log:     GL_EXT_texture_sRGB
[0007.85] Log:     GL_EXT_texture_shared_exponent
[0007.85] Log:     GL_EXT_texture_snorm
[0007.85] Log:     GL_EXT_texture_swizzle
[0007.85] Log:     GL_EXT_transform_feedback
[0007.85] Log:     GL_EXT_vertex_array
[0007.85] Log:     GL_EXT_vertex_array_bgra
[0007.85] Log:     GL_IBM_texture_mirrored_repeat
[0007.85] Log:     GL_KTX_buffer_region
[0007.85] Log:     GL_NV_blend_square
[0007.85] Log:     GL_NV_conditional_render
[0007.85] Log:     GL_NV_copy_depth_to_color
[0007.85] Log:     GL_NV_primitive_restart
[0007.85] Log:     GL_NV_texgen_reflection
[0007.85] Log:     GL_SGIS_generate_mipmap
[0007.85] Log:     GL_SGIS_texture_edge_clamp
[0007.85] Log:     GL_SGIS_texture_lod
[0007.85] Log:     GL_SUN_multi_draw_arrays
[0007.85] Log:     GL_WIN_swap_hint
[0007.85] Log:     WGL_EXT_swap_control
[0007.85] Log: GL_MAX_VERTEX_UNIFORM_VECTORS = Not supported
[0007.85] Log: GL_MAX_VARYING_VECTORS = Not supported
[0007.85] Log: GL_MAX_COMBINED_TEXTURE_IMAGE_UNITS = 16
[0007.85] Log: GL_MAX_VERTEX_TEXTURE_IMAGE_UNITS = 16
[0007.85] Log: GL_MAX_TEXTURE_IMAGE_UNITS = 16
[0007.85] Log: GL_MAX_FRAGMENT_UNIFORM_VECTORS = Not supported
[0007.85] Log: GL_MAX_TEXTURE_SIZE = 8192
[0007.85] Log: GL_MAX_VIEWPORT_DIMS = 8192
[0007.85] Log: GL_MAX_TEXTURE_MAX_ANISOTROPY_EXT = 16
[0007.85] Log: GL_SUBPIXEL_BITS = 8
[0007.85] Log: GL_MAX_VERTEX_ATTRIBS = 16
[0007.85] Log: Viewport resolution: [640x400]
[0007.93] Log: Failed to load ShaderGroups.bin
[0007.93] Log: StartCompilingShaderGroup: StartupPackages
[0007.93] Log: Compiled 0 Shaders in group StartupPackages
[0007.93] Log: StartCompilingShaderGroup  0.59 ms total.
[0007.93] Log: StartCompilingShaderGroup: UnGrouped
[0007.93] Log: Compiled 0 Shaders in group UnGrouped
[0007.93] Log: StartCompilingShaderGroup  0.03 ms total.
[0007.93] Log: Steam Client API is unavailable
[0007.94] Warning: Warning, Failed to load 'Class None.': Failed to find object 'Class None.'
[0007.94] Warning: Warning, Failed to find object 'Class None.'
[0007.94] Warning: Warning, Failed to load 'Class None.': Failed to find object 'Class None.'
[0007.94] Warning: Warning, Failed to find object 'Class None.'
[0007.94] Warning: Warning, Failed to load 'Class None.': Failed to find object 'Class None.'
[0007.94] Warning: Warning, Failed to find object 'Class None.'
[0007.94] Warning: Warning, Failed to load 'Class None.': Failed to find object 'Class None.'
[0007.94] Warning: Warning, Failed to find object 'Class None.'
[0007.94] Log: LoadMap: MenuMap?Name=Player?Team=255
[0008.23] Log: Game class is 'RCMainMenu'
[0008.32] Log: Primary PhysX scene will be in software.
[0008.32] Log: Creating Primary PhysX Scene.
[0008.33] Log: Bringing World MenuMap.TheWorld up for play (0) at 2014.05.28-21.01.53
[0008.33] Log: Bringing up level for play took: 0.084094
[0008.34] ScriptWarning: Accessed None 'Profile'
	UIDataStore_OnlinePlayerData Transient.DataStoreClient_0:UIDataStore_OnlinePlayerData_0
	Function Engine.UIDataStore_OnlinePlayerData:OnLoginChange:0134
[0008.34] ScriptWarning: Accessed None 'Profile'
	UIDataStore_OnlinePlayerData Transient.DataStoreClient_0:UIDataStore_OnlinePlayerData_0
	Function Engine.UIDataStore_OnlinePlayerData:OnLoginChange:0168
[0008.34] Error: Can't start an online game that hasn't been created
[0008.34] Log: ########### Finished loading level: 0.395268 seconds
[0009.08] Init: Game engine initialized
[0009.08] Log: Initializing Engine Completed
[0009.08] Log: >>>>>>>>>>>>>> Initial startup: 9.08s <<<<<<<<<<<<<<<
[0009.14] Log: WarmShaderCache
[0009.14] Log: WarmShaderCache:ShadersWarmed 9
[0013.39] Log: LoadMap: Outdoor?Name=Player?Team=255
[0013.39] Log: --- LOADING MOVIE START ---
[0013.43] ScriptWarning: Invalid user index (255) specified for ClearReadProfileSettingsCompleteDelegate()
	OnlineSubsystemSteamworks Transient.OnlineSubsystemSteamworks_0
	Function OnlineSubsystemSteamworks.OnlineSubsystemSteamworks:ClearReadProfileSettingsCompleteDelegate:00FE
[0029.39] Log: Game class is 'RCBaseGame'
[0029.51] Log: Primary PhysX scene will be in software.
[0029.51] Log: Creating Primary PhysX Scene.
[0029.54] Log: Bringing World outdoor.TheWorld up for play (0) at 2014.05.28-21.02.14
[0029.55] ScriptLog: Current Spawn Location Count: 2
[0029.55] Log: Bringing up level for play took: 0.160944
[0029.55] ScriptLog: Warning - PATHS NOT DEFINED or NO PLAYERSTART with positive rating
[0029.57] ScriptLog: FAILED_________________________
[0029.57] ScriptWarning: Accessed None 'RCRep'
	RCTimeAttackScene outdoor.TheWorld:PersistentLevel.RCPlayerController_0.RCTimeAttackScene_0
	Function LDS.RCTimeAttackScene:LoadMenuInfo:009D
[0029.57] ScriptWarning: Accessed None 'Profile'
	UIDataStore_OnlinePlayerData Transient.DataStoreClient_0:UIDataStore_OnlinePlayerData_1
	Function Engine.UIDataStore_OnlinePlayerData:OnLoginChange:0134
[0029.57] ScriptWarning: Accessed None 'Profile'
	UIDataStore_OnlinePlayerData Transient.DataStoreClient_0:UIDataStore_OnlinePlayerData_1
	Function Engine.UIDataStore_OnlinePlayerData:OnLoginChange:0168
[0029.57] ScriptWarning: CANNOT SPAWN PLAYER! No RCSpawnPoint Found
	RCBaseGame outdoor.TheWorld:PersistentLevel.RCBaseGame_0
	Function LDS.RCBaseGame:RestartPlayer:0165
[0029.57] Error: Can't start an online game that hasn't been created
[0029.57] Log: ########### Finished loading level: 16.176531 seconds
[0031.83] Log: Save=1974.375610
[0031.83] Log: Compressing '..\..\UDKGame\Content\LocalShaderCache-PC-D3D-SM3_save.tmp' to '..\..\UDKGame\Content\LocalShaderCache-PC-D3D-SM3.upk'
[0032.31] Log: --- LOADING MOVIE TIME: 18.9 sec ---
[0037.09] ScriptWarning: Invalid user index (255) specified for ClearReadProfileSettingsCompleteDelegate()
	OnlineSubsystemSteamworks Transient.OnlineSubsystemSteamworks_0
	Function OnlineSubsystemSteamworks.OnlineSubsystemSteamworks:ClearReadProfileSettingsCompleteDelegate:00FE
[0037.09] Log: All Windows Closed
[0037.09] Log: appRequestExit(0)
[0048.23] Critical: appError called: Rendering thread exception:
Fatal error!

Address = 0x16c6ede6 (filename not found) [in C:\windows\system32\atioglxx.dll]

[0048.23] Critical: Windows GetLastError: Invalid window handle. (1400)
[0048.23] Log: === Critical error: ===
Rendering thread exception:
Fatal error!

Address = 0x16c6ede6 (filename not found) [in C:\windows\system32\atioglxx.dll]



