Log: Log file open, 05/26/14 14:06:16
Init: WinSock: version 1.1 (2.2), MaxSocks=32767, MaxUdp=65467
DevConfig: GConfig::Find has loaded file:  ..\..\Engine\Config\ConsoleVariables.ini
Init: Version: 12097
Init: Epic Internal: 0
Init: Compiled (32-bit): Feb 17 2014 13:31:14
Init: Changelist: 1999891
Init: Command line: CheckpointGameAssetDatabase -nopauseonsuccess -silent
Init: Base directory: G:\Revamped\UDK\Binaries\Win32\
[0000.23] Init: Computer: ILYA-PC
[0000.23] Init: User: Ilya
[0000.23] Init: CPU Page size=4096, Processors=8
[0000.23] Init: High frequency timer resolution =3.428076 MHz
[0000.23] Init: Memory total: Physical=7.9GB (8GB approx) Pagefile=15.9GB Virtual=4.0GB
[0000.23] Log: Steam Client API initialized 0
[0000.23] Log: Steam Game Server API initialized 0
[0000.25] Init: WinSock: I am Ilya-PC (192.168.1.10:0)
[0000.25] Log: Failed to initialize stat notify provider BinaryFileStatNotifyProvider
[0000.25] Init: Presizing for 0 objects not considered by GC, pre-allocating 0 bytes.
[0000.25] Init: Object subsystem initialized
[0000.28] Log: Found D3D11 adapter 0: NVIDIA GeForce GT 630
[0000.28] Log: Adapter has 3072MB of dedicated video memory, 0MB of dedicated system memory, and 1023MB of shared system memory
[0000.31] Log: Shader platform (RHI): PC-D3D-SM3
[0000.39] Log: PhysX GPU Support: DISABLED
[0000.39] Init: Initializing FaceFX...
[0000.39] Init: FaceFX 1.7.4 initialized.
[0000.44] Init: Version: 12097
[0000.44] Init: Epic Internal: 0
[0000.44] Init: Compiled (32-bit): Feb 17 2014 13:29:45
[0000.44] Init: Command line:  -nopauseonsuccess -silent
[0000.44] Init: Base directory: G:\Revamped\UDK\Binaries\Win32\
[0000.44] Init: Character set: Unicode
[0000.44] Log: Executing Class UnrealEd.CheckpointGameAssetDatabaseCommandlet
[0001.16] Log: Initializing Editor Engine...
[0001.36] Log: Encountered missing default brush - spawning new one
[0001.36] Init: UEngine initialized
[0001.36] Log: Initializing Editor Engine Completed
[0001.98] Log: *** Forcing Minimal Shader Compiling
[0001.98] Log: Checkpointing game asset database...
[0001.98] Cmd: UNSUPPRESS DevAssetDataBase
[0001.98] Log: Unsuppressed event DevAssetDataBase
[0001.98] SourceControl: Source Control disabled in UDKEditorUserSettings.ini.  [SourceControl] has Disabled=True
[0002.29] DevAssetDataBase: Checkpoint file name: ..\..\UDKGame\Content\GameAssetDatabase.checkpoint
[0002.30] DevAssetDataBase: Warning: Checkpoint file [..\..\UDKGame\Content\GameAssetDatabase.checkpoint] was not found.
[0002.31] DevAssetDataBase: Existing checkpoint file contains timestamp: 1/1/0001 12:00:00 AM.
[0002.31] DevAssetDataBase: Loaded 0 assets, 0 tags/collections (0 in use) from the checkpoint file.
[0002.32] DevAssetDataBase: Updating database from content packages...
[0002.33] DevAssetDataBase:     68 object class types will be processed.
[0002.33] DevAssetDataBase:     Found 59 packages.
[0002.89] Warning: Warning, Failed to load 'Class UTGame.UTAnimBlendByIdle': Failed to find object 'Class UTGame.UTAnimBlendByIdle'
[0002.89] Warning: Warning, Failed to load 'Class UTGame.UTAnimBlendBySlotActive': Failed to find object 'Class UTGame.UTAnimBlendBySlotActive'
[0002.89] Warning: Warning, Failed to load 'Class UTGame.UTAnimBlendByTurnInPlace': Failed to find object 'Class UTGame.UTAnimBlendByTurnInPlace'
[0002.89] Warning: Warning, Failed to load 'Class UTGame.UTAnimBlendByWeapType': Failed to find object 'Class UTGame.UTAnimBlendByWeapType'
[0002.89] Warning: Warning, Failed to load 'Class UTGame.UTAnimBlendByWeapType': Failed to find object 'Class UTGame.UTAnimBlendByWeapType'
[0002.89] Warning: Warning, Failed to load 'Class UTGame.UTAnimNodeCopyBoneTranslation': Failed to find object 'Class UTGame.UTAnimNodeCopyBoneTranslation'
[0002.89] Warning: Warning, Failed to load 'Class UTGame.UTAnimNodeSequence': Failed to find object 'Class UTGame.UTAnimNodeSequence'
[0002.89] Warning: Warning, Failed to load 'Class UTGame.UTAnimNodeSequence': Failed to find object 'Class UTGame.UTAnimNodeSequence'
[0002.89] Warning: Warning, Failed to load 'Class UTGame.UTAnimNodeSequence': Failed to find object 'Class UTGame.UTAnimNodeSequence'
[0002.89] Warning: Warning, Failed to load 'Class UTGame.UTAnimNodeSequence': Failed to find object 'Class UTGame.UTAnimNodeSequence'
[0002.89] Warning: Warning, Failed to load 'Class UTGame.UTAnimNodeSeqWeap': Failed to find object 'Class UTGame.UTAnimNodeSeqWeap'
[0002.89] Warning: Warning, Failed to load 'Class UTGame.UTAnimNodeSeqWeap': Failed to find object 'Class UTGame.UTAnimNodeSeqWeap'
[0002.89] Warning: Warning, Failed to load 'Class utgamecontent.UTGameCrowdAgent': Failed to find object 'Class utgamecontent.UTGameCrowdAgent'
[0003.03] DevAssetDataBase:     Found a total of 829 assets in 35 packages.
[0003.08] DevAssetDataBase: Loading journal entries from the journal file.
[0003.11] DevAssetDataBase: Loaded 0 journal entries from the journal file.
[0003.11] DevAssetDataBase: Merged 0 journal entries (including server entries newer than 1/1/0001 12:00:00 AM.)
[0003.11] DevAssetDataBase: Game asset database loaded a total of 829 assets, 60 tags and 60 persistent tags.
[0003.11] DevAssetDataBase: Checking for assets in the database that don't actually exist on disk...
[0003.12] DevAssetDataBase: All 829 assets were found on disk.
[0003.12] DevAssetDataBase: Checking integrity of game asset database...
[0003.12] DevAssetDataBase: Integrity check completed with no warnings.
[0003.12] DevAssetDataBase: Saving checkpoint file with 829 assets, 60 tags and 60 persistent tags.
[0003.13] DevAssetDataBase: Purging local journal file (all entries were merged into checkpoint file.)
[0003.13] DevAssetDataBase: Journal file was deleted successfully
[0003.13] Log: Game asset database maintenance completed successfully.
[0003.19] Log: 
[0003.19] Log: Warning/Error Summary
[0003.19] Log: ---------------------
[0003.19] Log: Warning, Failed to load 'Class UTGame.UTAnimBlendByIdle': Failed to find object 'Class UTGame.UTAnimBlendByIdle'
[0003.19] Log: Warning, Failed to load 'Class UTGame.UTAnimBlendBySlotActive': Failed to find object 'Class UTGame.UTAnimBlendBySlotActive'
[0003.19] Log: Warning, Failed to load 'Class UTGame.UTAnimBlendByTurnInPlace': Failed to find object 'Class UTGame.UTAnimBlendByTurnInPlace'
[0003.19] Log: Warning, Failed to load 'Class UTGame.UTAnimBlendByWeapType': Failed to find object 'Class UTGame.UTAnimBlendByWeapType'
[0003.19] Log: Warning, Failed to load 'Class UTGame.UTAnimNodeCopyBoneTranslation': Failed to find object 'Class UTGame.UTAnimNodeCopyBoneTranslation'
[0003.19] Log: Warning, Failed to load 'Class UTGame.UTAnimNodeSequence': Failed to find object 'Class UTGame.UTAnimNodeSequence'
[0003.19] Log: Warning, Failed to load 'Class UTGame.UTAnimNodeSeqWeap': Failed to find object 'Class UTGame.UTAnimNodeSeqWeap'
[0003.19] Log: Warning, Failed to load 'Class utgamecontent.UTGameCrowdAgent': Failed to find object 'Class utgamecontent.UTGameCrowdAgent'
[0003.19] Log: 
[0003.19] Log: Success - 0 error(s), 8 warning(s)
[0003.19] Log: 
Execution of commandlet took:  1.22 seconds
[0003.24] Exit: Preparing to exit.
[0003.29] Exit: Editor shut down
[0003.31] Exit: Object subsystem successfully closed.
[0003.32] Log: Shutting down FaceFX...
[0003.32] Log: FaceFX shutdown.
[0003.32] Exit: Exiting.
[0003.32] Log: Log file closed, 05/26/14 14:06:19
