Log: Log file open, 05/26/14 20:37:28
Init: WinSock: version 1.1 (2.2), MaxSocks=32767, MaxUdp=65467
DevConfig: GConfig::Find has loaded file:  ..\..\Engine\Config\ConsoleVariables.ini
Init: Version: 12097
Init: Epic Internal: 0
Init: Compiled (32-bit): Feb 17 2014 13:31:14
Init: Changelist: 1999891
Init: Command line: make
Init: Base directory: G:\Revamped\UDK\Binaries\Win32\
[0000.23] Init: Computer: ILYA-PC
[0000.23] Init: User: Ilya
[0000.23] Init: CPU Page size=4096, Processors=8
[0000.23] Init: High frequency timer resolution =3.428076 MHz
[0000.23] Init: Memory total: Physical=7.9GB (8GB approx) Pagefile=15.9GB Virtual=4.0GB
[0000.23] Log: Steam Client API Disabled!
[0000.25] Init: WinSock: I am Ilya-PC (192.168.1.10:0)
[0000.25] Init: Presizing for 0 objects not considered by GC, pre-allocating 0 bytes.
[0000.25] Init: Object subsystem initialized
[0000.28] Log: Found D3D11 adapter 0: NVIDIA GeForce GT 630
[0000.28] Log: Adapter has 3072MB of dedicated video memory, 0MB of dedicated system memory, and 1023MB of shared system memory
[0000.30] Log: Shader platform (RHI): PC-D3D-SM3
[0000.33] Log: PhysX GPU Support: DISABLED
[0000.33] Init: Initializing FaceFX...
[0000.33] Init: FaceFX 1.7.4 initialized.
[0000.33] Init: Version: 12097
[0000.33] Init: Epic Internal: 0
[0000.33] Init: Compiled (32-bit): Feb 17 2014 13:29:45
[0000.33] Init: Command line: 
[0000.33] Init: Base directory: G:\Revamped\UDK\Binaries\Win32\
[0000.33] Init: Character set: Unicode
[0000.33] Log: Executing Class UnrealEd.MakeCommandlet
[0000.33] Init: UEngine initialized
[0000.40] Heading: --------------------Core - Release--------------------
[0000.40] Log: New File, Existing Package (Package Untitled_0, Package Core)
[0000.41] Log: Loading global macros for Core
[0000.43] Heading: --------------------Engine - Release--------------------
[0000.47] Log: New File, Existing Package (Package Untitled_1, Package Engine)
[0000.80] Log: Loading global macros for Engine
[0001.21] Heading: --------------------IpDrv - Release--------------------
[0001.21] Log: New File, Existing Package (Package Untitled_2, Package IpDrv)
[0001.28] Log: Loading global macros for IpDrv
[0001.36] Heading: --------------------GFxUI - Release--------------------
[0001.36] Log: New File, Existing Package (Package Untitled_3, Package GFxUI)
[0001.37] Log: Loading global macros for GFxUI
[0001.37] Heading: --------------------GameFramework - Release--------------------
[0001.38] Log: New File, Existing Package (Package Untitled_4, Package GameFramework)
[0001.42] Log: Loading global macros for GameFramework
[0001.47] Heading: --------------------UnrealEd - Release--------------------
[0001.48] Log: New File, Existing Package (Package Untitled_5, Package UnrealEd)
[0001.50] Log: Loading global macros for UnrealEd
[0001.54] Heading: --------------------GFxUIEditor - Release--------------------
[0001.54] Log: New File, Existing Package (Package Untitled_6, Package GFxUIEditor)
[0001.54] Log: Loading global macros for GFxUIEditor
[0001.54] Heading: --------------------WinDrv - Release--------------------
[0001.54] Log: New File, Existing Package (Package Untitled_7, Package WinDrv)
[0001.54] Log: Loading global macros for WinDrv
[0001.54] Heading: --------------------OnlineSubsystemPC - Release--------------------
[0001.54] Log: New File, Existing Package (Package Untitled_8, Package onlinesubsystempc)
[0001.55] Log: Loading global macros for OnlineSubsystemPC
[0001.56] Heading: --------------------OnlineSubsystemSteamworks - Release--------------------
[0001.56] Log: New File, Existing Package (Package Untitled_9, Package OnlineSubsystemSteamworks)
[0001.57] Log: Loading global macros for OnlineSubsystemSteamworks
[0001.59] Heading: --------------------OnlineSubsystemGameCenter - Release--------------------
[0001.59] Log: New File, Existing Package (Package Untitled_10, Package onlinesubsystemgamecenter)
[0001.60] Log: Loading global macros for OnlineSubsystemGameCenter
[0001.61] Heading: --------------------SubstanceAir - Release--------------------
[0001.61] Log: New File, Existing Package (Package Untitled_11, Package SubstanceAir)
[0001.61] Log: Loading global macros for SubstanceAir
[0001.62] Heading: --------------------SubstanceAirEd - Release--------------------
[0001.62] Log: New File, Existing Package (Package Untitled_12, Package SubstanceAirEd)
[0001.62] Log: Loading global macros for SubstanceAirEd
[0001.62] Heading: --------------------RevampedGame - Release--------------------
[0001.62] Warning: Warning, Can't find files matching G:\Revamped\UDK\Binaries\Win32\..\..\Development\Src\RevampedGame\Classes\*.uc
[0001.62] Heading: --------------------UDKBase - Release--------------------
[0001.63] Log: Analyzing...
[0001.63] Log: Loading global macros for UDKBase
[0001.75] Log: Success: Compiled 10417 line(s), 1605 statement(s).

[0001.75] Log: Scripts successfully compiled - saving package 'G:\Revamped\UDK\Binaries\Win32\..\..\UDKGame\Script\UDKBase.u'
[0001.82] Log: Save=71.924310
[0001.82] Log: Moving '..\..\UDKGame\Script\UDKBase_save.tmp' to '..\..\UDKGame\Script\UDKBase.u'
[0001.82] Heading: --------------------Revamped - Release--------------------
[0001.83] Log: Analyzing...
[0001.83] Log: Loading global macros for Revamped
[0001.83] Log: Success: Compiled 27 line(s), 5 statement(s).

[0001.83] Log: Scripts successfully compiled - saving package 'G:\Revamped\UDK\Binaries\Win32\..\..\UDKGame\Script\Revamped.u'
[0001.86] Log: Save=30.929594
[0001.86] Log: Moving '..\..\UDKGame\Script\Revamped_save.tmp' to '..\..\UDKGame\Script\Revamped.u'
[0001.92] Log: 
[0001.92] Log: Warning/Error Summary
[0001.92] Log: ---------------------
[0001.92] Log: Warning, Can't find files matching G:\Revamped\UDK\Binaries\Win32\..\..\Development\Src\RevampedGame\Classes\*.uc
[0001.92] Log: 
[0001.92] Log: Success - 0 error(s), 1 warning(s)
[0001.92] Log: 
Execution of commandlet took:  1.59 seconds
[0001.92] Exit: Preparing to exit.
[0001.99] Exit: Object subsystem successfully closed.
[0001.99] Log: Shutting down FaceFX...
[0001.99] Log: FaceFX shutdown.
[0001.99] Exit: Exiting.
[0001.99] Log: Log file closed, 05/26/14 20:37:30
